<?xml version="1.0" encoding="UTF-8"?>
<!-- Generated by org.testng.reporters.JUnitXMLReporter -->
<testsuite hostname="user" ignored="0" name="Test" tests="10" failures="3" timestamp="2022-05-14T23:31:25 IST" time="16.791" errors="0">
  <testcase name="testcase1" time="2.251" classname="org.testing.TestScripts.TC1_PostRequest"/>
  <testcase name="testcase2" time="1.015" classname="org.testing.TestScripts.TC2_GetRequest"/>
  <testcase name="testcase3" time="0.265" classname="org.testing.TestScripts.TC3_GetAllRequest"/>
  <testcase name="testcase4" time="0.075" classname="org.testing.TestScripts.TC4_PutRequest"/>
  <testcase name="testcase5" time="0.045" classname="org.testing.TestScripts.TC5_DeleteRequest"/>
  <testcase name="testcase6" time="2.4" classname="org.testing.TestScripts.TC6_PostRequestEmployee"/>
  <testcase name="testcase7" time="2.448" classname="org.testing.TestScripts.TC7_GetEmployeeRequest">
    <failure type="io.restassured.path.json.exception.JsonPathException" message="Failed to parse the JSON document">
      <![CDATA[io.restassured.path.json.exception.JsonPathException: Failed to parse the JSON document
at io.restassured.path.json.JsonPath$ExceptionCatcher.invoke(JsonPath.java:1002)
at io.restassured.path.json.JsonPath$4.doParseWith(JsonPath.java:967)
at io.restassured.path.json.JsonPath$JsonParser.parseWith(JsonPath.java:1047)
at io.restassured.path.json.JsonPath.get(JsonPath.java:202)
at org.testing.utilities.ParsingJsonUsingJsonPath.parseJsonPath(ParsingJsonUsingJsonPath.java:9)
at org.testing.responseValidation.ResponseValidate.DataValidate(ResponseValidate.java:26)
at org.testing.TestScripts.TC7_GetEmployeeRequest.testcase7(TC7_GetEmployeeRequest.java:29)
at java.util.ArrayList.forEach(ArrayList.java:1257)
Caused by: groovy.json.JsonException: Lexing failed on line: 1, column: 1, while reading '<', no possible valid JSON value or punctuation could be recognized.
at groovy.json.JsonLexer.nextToken(JsonLexer.java:86)
at groovy.json.JsonLexer$nextToken.call(Unknown Source)
at io.restassured.internal.path.json.ConfigurableJsonSlurper.parse(ConfigurableJsonSlurper.groovy:97)
at io.restassured.internal.path.json.ConfigurableJsonSlurper$parse.callCurrent(Unknown Source)
at io.restassured.internal.path.json.ConfigurableJsonSlurper.parseText(ConfigurableJsonSlurper.groovy:83)
at io.restassured.path.json.JsonPath$4$1.method(JsonPath.java:965)
at io.restassured.path.json.JsonPath$ExceptionCatcher.invoke(JsonPath.java:1000)
... 34 more
... Removed 27 stack frames]]>
    </failure>
  </testcase> <!-- testcase7 -->
  <testcase name="testcase8" time="2.311" classname="org.testing.TestScripts.TC8_GetAllEmployeeRequest">
    <failure type="io.restassured.path.json.exception.JsonPathException" message="Failed to parse the JSON document">
      <![CDATA[io.restassured.path.json.exception.JsonPathException: Failed to parse the JSON document
at io.restassured.path.json.JsonPath$ExceptionCatcher.invoke(JsonPath.java:1002)
at io.restassured.path.json.JsonPath$4.doParseWith(JsonPath.java:967)
at io.restassured.path.json.JsonPath$JsonParser.parseWith(JsonPath.java:1047)
at io.restassured.path.json.JsonPath.get(JsonPath.java:202)
at org.testing.utilities.ParsingJsonUsingJsonPath.parseJsonPath(ParsingJsonUsingJsonPath.java:9)
at org.testing.responseValidation.ResponseValidate.DataValidate(ResponseValidate.java:26)
at org.testing.TestScripts.TC8_GetAllEmployeeRequest.testcase8(TC8_GetAllEmployeeRequest.java:29)
at java.util.ArrayList.forEach(ArrayList.java:1257)
Caused by: groovy.json.JsonException: Lexing failed on line: 1, column: 1, while reading '<', no possible valid JSON value or punctuation could be recognized.
at groovy.json.JsonLexer.nextToken(JsonLexer.java:86)
at groovy.json.JsonLexer$nextToken.call(Unknown Source)
at io.restassured.internal.path.json.ConfigurableJsonSlurper.parse(ConfigurableJsonSlurper.groovy:97)
at io.restassured.internal.path.json.ConfigurableJsonSlurper$parse.callCurrent(Unknown Source)
at io.restassured.internal.path.json.ConfigurableJsonSlurper.parseText(ConfigurableJsonSlurper.groovy:83)
at io.restassured.path.json.JsonPath$4$1.method(JsonPath.java:965)
at io.restassured.path.json.JsonPath$ExceptionCatcher.invoke(JsonPath.java:1000)
... 34 more
... Removed 27 stack frames]]>
    </failure>
  </testcase> <!-- testcase8 -->
  <testcase name="testcase9" time="3.415" classname="org.testing.TestScripts.TC9_PutEmployeeRequest">
    <failure type="io.restassured.path.json.exception.JsonPathException" message="Failed to parse the JSON document">
      <![CDATA[io.restassured.path.json.exception.JsonPathException: Failed to parse the JSON document
at io.restassured.path.json.JsonPath$ExceptionCatcher.invoke(JsonPath.java:1002)
at io.restassured.path.json.JsonPath$4.doParseWith(JsonPath.java:967)
at io.restassured.path.json.JsonPath$JsonParser.parseWith(JsonPath.java:1047)
at io.restassured.path.json.JsonPath.get(JsonPath.java:202)
at org.testing.utilities.ParsingJsonUsingJsonPath.parseJsonPath(ParsingJsonUsingJsonPath.java:9)
at org.testing.responseValidation.ResponseValidate.DataValidate(ResponseValidate.java:26)
at org.testing.TestScripts.TC9_PutEmployeeRequest.testcase9(TC9_PutEmployeeRequest.java:30)
at java.util.ArrayList.forEach(ArrayList.java:1257)
Caused by: groovy.json.JsonException: Lexing failed on line: 1, column: 1, while reading '<', no possible valid JSON value or punctuation could be recognized.
at groovy.json.JsonLexer.nextToken(JsonLexer.java:86)
at groovy.json.JsonLexer$nextToken.call(Unknown Source)
at io.restassured.internal.path.json.ConfigurableJsonSlurper.parse(ConfigurableJsonSlurper.groovy:97)
at io.restassured.internal.path.json.ConfigurableJsonSlurper$parse.callCurrent(Unknown Source)
at io.restassured.internal.path.json.ConfigurableJsonSlurper.parseText(ConfigurableJsonSlurper.groovy:83)
at io.restassured.path.json.JsonPath$4$1.method(JsonPath.java:965)
at io.restassured.path.json.JsonPath$ExceptionCatcher.invoke(JsonPath.java:1000)
... 34 more
... Removed 27 stack frames]]>
    </failure>
  </testcase> <!-- testcase9 -->
  <testcase name="testcase10" time="2.444" classname="org.testing.TestScripts.TC10_DeleteEmployeeRequest"/>
</testsuite> <!-- Test -->
